2020-09-26 20:12:25,892 ERROR 6792 [-/127.0.0.1/-/3ms GET /search?value=c%27c] nodejs.ER_PARSE_ERRORError: ER_PARSE_ERROR: You have an error in your SQL syntax; check the manual that corresponds to your MySQL server version for the right syntax to use near 'c%'' at line 1
    at Query.Sequence._packetToError (D:\学习资料\高级node\8月技能\项目1\demo\node_modules\mysql\lib\protocol\sequences\Sequence.js:47:14)
    at Query.ErrorPacket (D:\学习资料\高级node\8月技能\项目1\demo\node_modules\mysql\lib\protocol\sequences\Query.js:79:18)
    at Protocol._parsePacket (D:\学习资料\高级node\8月技能\项目1\demo\node_modules\mysql\lib\protocol\Protocol.js:291:23)
    at Parser._parsePacket (D:\学习资料\高级node\8月技能\项目1\demo\node_modules\mysql\lib\protocol\Parser.js:433:10)
    at Parser.write (D:\学习资料\高级node\8月技能\项目1\demo\node_modules\mysql\lib\protocol\Parser.js:43:10)
    at Protocol.write (D:\学习资料\高级node\8月技能\项目1\demo\node_modules\mysql\lib\protocol\Protocol.js:38:16)
    at Socket.<anonymous> (D:\学习资料\高级node\8月技能\项目1\demo\node_modules\mysql\lib\Connection.js:88:28)
    at Socket.<anonymous> (D:\学习资料\高级node\8月技能\项目1\demo\node_modules\mysql\lib\Connection.js:526:10)
    at Socket.emit (events.js:321:20)
    at addChunk (_stream_readable.js:294:12)
    --------------------
    at Pool.query (D:\学习资料\高级node\8月技能\项目1\demo\node_modules\mysql\lib\Pool.js:199:23)
    at D:\学习资料\高级node\8月技能\项目1\demo\node_modules\ali-rds\node_modules\pify\index.js:29:7
    at new Promise (<anonymous>)
    at Pool.<anonymous> (D:\学习资料\高级node\8月技能\项目1\demo\node_modules\ali-rds\node_modules\pify\index.js:12:10)
    at Pool.ret [as query] (D:\学习资料\高级node\8月技能\项目1\demo\node_modules\ali-rds\node_modules\pify\index.js:56:34)
    at RDSClient.proto._query (D:\学习资料\高级node\8月技能\项目1\demo\node_modules\ali-rds\lib\client.js:38:20)
    at RDSClient.proto.query (D:\学习资料\高级node\8月技能\项目1\demo\node_modules\ali-rds\lib\operator.js:54:29)
    at proto.query.next (<anonymous>)
    at onFulfilled (D:\学习资料\高级node\8月技能\项目1\demo\node_modules\co\index.js:65:19)
    at D:\学习资料\高级node\8月技能\项目1\demo\node_modules\co\index.js:54:5
    sql: select * from pinglun where name like '%c'c%'
code: "ER_PARSE_ERROR"
errno: 1064
sqlMessage: "You have an error in your SQL syntax; check the manual that corresponds to your MySQL server version for the right syntax to use near 'c%'' at line 1"
sqlState: "42000"
index: 0
sql: "select * from pinglun where name like '%c'c%'"
name: "ER_PARSE_ERRORError"
pid: 6792
hostname: DESKTOP-5JAHCRO

2020-09-26 20:14:25,971 ERROR 6792 [-/127.0.0.1/-/2ms GET /search?value=wen%27z] nodejs.ER_PARSE_ERRORError: ER_PARSE_ERROR: You have an error in your SQL syntax; check the manual that corresponds to your MySQL server version for the right syntax to use near 'z%'' at line 1
    at Query.Sequence._packetToError (D:\学习资料\高级node\8月技能\项目1\demo\node_modules\mysql\lib\protocol\sequences\Sequence.js:47:14)
    at Query.ErrorPacket (D:\学习资料\高级node\8月技能\项目1\demo\node_modules\mysql\lib\protocol\sequences\Query.js:79:18)
    at Protocol._parsePacket (D:\学习资料\高级node\8月技能\项目1\demo\node_modules\mysql\lib\protocol\Protocol.js:291:23)
    at Parser._parsePacket (D:\学习资料\高级node\8月技能\项目1\demo\node_modules\mysql\lib\protocol\Parser.js:433:10)
    at Parser.write (D:\学习资料\高级node\8月技能\项目1\demo\node_modules\mysql\lib\protocol\Parser.js:43:10)
    at Protocol.write (D:\学习资料\高级node\8月技能\项目1\demo\node_modules\mysql\lib\protocol\Protocol.js:38:16)
    at Socket.<anonymous> (D:\学习资料\高级node\8月技能\项目1\demo\node_modules\mysql\lib\Connection.js:88:28)
    at Socket.<anonymous> (D:\学习资料\高级node\8月技能\项目1\demo\node_modules\mysql\lib\Connection.js:526:10)
    at Socket.emit (events.js:321:20)
    at addChunk (_stream_readable.js:294:12)
    --------------------
    at Pool.query (D:\学习资料\高级node\8月技能\项目1\demo\node_modules\mysql\lib\Pool.js:199:23)
    at D:\学习资料\高级node\8月技能\项目1\demo\node_modules\ali-rds\node_modules\pify\index.js:29:7
    at new Promise (<anonymous>)
    at Pool.<anonymous> (D:\学习资料\高级node\8月技能\项目1\demo\node_modules\ali-rds\node_modules\pify\index.js:12:10)
    at Pool.ret [as query] (D:\学习资料\高级node\8月技能\项目1\demo\node_modules\ali-rds\node_modules\pify\index.js:56:34)
    at RDSClient.proto._query (D:\学习资料\高级node\8月技能\项目1\demo\node_modules\ali-rds\lib\client.js:38:20)
    at RDSClient.proto.query (D:\学习资料\高级node\8月技能\项目1\demo\node_modules\ali-rds\lib\operator.js:54:29)
    at proto.query.next (<anonymous>)
    at onFulfilled (D:\学习资料\高级node\8月技能\项目1\demo\node_modules\co\index.js:65:19)
    at D:\学习资料\高级node\8月技能\项目1\demo\node_modules\co\index.js:54:5
    sql: select * from pinglun where name like '%wen'z%'
code: "ER_PARSE_ERROR"
errno: 1064
sqlMessage: "You have an error in your SQL syntax; check the manual that corresponds to your MySQL server version for the right syntax to use near 'z%'' at line 1"
sqlState: "42000"
index: 0
sql: "select * from pinglun where name like '%wen'z%'"
name: "ER_PARSE_ERRORError"
pid: 6792
hostname: DESKTOP-5JAHCRO

2020-09-26 20:14:26,327 ERROR 6792 [-/127.0.0.1/-/2ms GET /search?value=wen%27zh] nodejs.ER_PARSE_ERRORError: ER_PARSE_ERROR: You have an error in your SQL syntax; check the manual that corresponds to your MySQL server version for the right syntax to use near 'zh%'' at line 1
    at Query.Sequence._packetToError (D:\学习资料\高级node\8月技能\项目1\demo\node_modules\mysql\lib\protocol\sequences\Sequence.js:47:14)
    at Query.ErrorPacket (D:\学习资料\高级node\8月技能\项目1\demo\node_modules\mysql\lib\protocol\sequences\Query.js:79:18)
    at Protocol._parsePacket (D:\学习资料\高级node\8月技能\项目1\demo\node_modules\mysql\lib\protocol\Protocol.js:291:23)
    at Parser._parsePacket (D:\学习资料\高级node\8月技能\项目1\demo\node_modules\mysql\lib\protocol\Parser.js:433:10)
    at Parser.write (D:\学习资料\高级node\8月技能\项目1\demo\node_modules\mysql\lib\protocol\Parser.js:43:10)
    at Protocol.write (D:\学习资料\高级node\8月技能\项目1\demo\node_modules\mysql\lib\protocol\Protocol.js:38:16)
    at Socket.<anonymous> (D:\学习资料\高级node\8月技能\项目1\demo\node_modules\mysql\lib\Connection.js:88:28)
    at Socket.<anonymous> (D:\学习资料\高级node\8月技能\项目1\demo\node_modules\mysql\lib\Connection.js:526:10)
    at Socket.emit (events.js:321:20)
    at addChunk (_stream_readable.js:294:12)
    --------------------
    at Pool.query (D:\学习资料\高级node\8月技能\项目1\demo\node_modules\mysql\lib\Pool.js:199:23)
    at D:\学习资料\高级node\8月技能\项目1\demo\node_modules\ali-rds\node_modules\pify\index.js:29:7
    at new Promise (<anonymous>)
    at Pool.<anonymous> (D:\学习资料\高级node\8月技能\项目1\demo\node_modules\ali-rds\node_modules\pify\index.js:12:10)
    at Pool.ret [as query] (D:\学习资料\高级node\8月技能\项目1\demo\node_modules\ali-rds\node_modules\pify\index.js:56:34)
    at RDSClient.proto._query (D:\学习资料\高级node\8月技能\项目1\demo\node_modules\ali-rds\lib\client.js:38:20)
    at RDSClient.proto.query (D:\学习资料\高级node\8月技能\项目1\demo\node_modules\ali-rds\lib\operator.js:54:29)
    at proto.query.next (<anonymous>)
    at onFulfilled (D:\学习资料\高级node\8月技能\项目1\demo\node_modules\co\index.js:65:19)
    at D:\学习资料\高级node\8月技能\项目1\demo\node_modules\co\index.js:54:5
    sql: select * from pinglun where name like '%wen'zh%'
code: "ER_PARSE_ERROR"
errno: 1064
sqlMessage: "You have an error in your SQL syntax; check the manual that corresponds to your MySQL server version for the right syntax to use near 'zh%'' at line 1"
sqlState: "42000"
index: 0
sql: "select * from pinglun where name like '%wen'zh%'"
name: "ER_PARSE_ERRORError"
pid: 6792
hostname: DESKTOP-5JAHCRO

2020-09-26 20:14:26,455 ERROR 6792 [-/127.0.0.1/-/2ms GET /search?value=wen%27zhu] nodejs.ER_PARSE_ERRORError: ER_PARSE_ERROR: You have an error in your SQL syntax; check the manual that corresponds to your MySQL server version for the right syntax to use near 'zhu%'' at line 1
    at Query.Sequence._packetToError (D:\学习资料\高级node\8月技能\项目1\demo\node_modules\mysql\lib\protocol\sequences\Sequence.js:47:14)
    at Query.ErrorPacket (D:\学习资料\高级node\8月技能\项目1\demo\node_modules\mysql\lib\protocol\sequences\Query.js:79:18)
    at Protocol._parsePacket (D:\学习资料\高级node\8月技能\项目1\demo\node_modules\mysql\lib\protocol\Protocol.js:291:23)
    at Parser._parsePacket (D:\学习资料\高级node\8月技能\项目1\demo\node_modules\mysql\lib\protocol\Parser.js:433:10)
    at Parser.write (D:\学习资料\高级node\8月技能\项目1\demo\node_modules\mysql\lib\protocol\Parser.js:43:10)
    at Protocol.write (D:\学习资料\高级node\8月技能\项目1\demo\node_modules\mysql\lib\protocol\Protocol.js:38:16)
    at Socket.<anonymous> (D:\学习资料\高级node\8月技能\项目1\demo\node_modules\mysql\lib\Connection.js:88:28)
    at Socket.<anonymous> (D:\学习资料\高级node\8月技能\项目1\demo\node_modules\mysql\lib\Connection.js:526:10)
    at Socket.emit (events.js:321:20)
    at addChunk (_stream_readable.js:294:12)
    --------------------
    at Pool.query (D:\学习资料\高级node\8月技能\项目1\demo\node_modules\mysql\lib\Pool.js:199:23)
    at D:\学习资料\高级node\8月技能\项目1\demo\node_modules\ali-rds\node_modules\pify\index.js:29:7
    at new Promise (<anonymous>)
    at Pool.<anonymous> (D:\学习资料\高级node\8月技能\项目1\demo\node_modules\ali-rds\node_modules\pify\index.js:12:10)
    at Pool.ret [as query] (D:\学习资料\高级node\8月技能\项目1\demo\node_modules\ali-rds\node_modules\pify\index.js:56:34)
    at RDSClient.proto._query (D:\学习资料\高级node\8月技能\项目1\demo\node_modules\ali-rds\lib\client.js:38:20)
    at RDSClient.proto.query (D:\学习资料\高级node\8月技能\项目1\demo\node_modules\ali-rds\lib\operator.js:54:29)
    at proto.query.next (<anonymous>)
    at onFulfilled (D:\学习资料\高级node\8月技能\项目1\demo\node_modules\co\index.js:65:19)
    at D:\学习资料\高级node\8月技能\项目1\demo\node_modules\co\index.js:54:5
    sql: select * from pinglun where name like '%wen'zhu%'
code: "ER_PARSE_ERROR"
errno: 1064
sqlMessage: "You have an error in your SQL syntax; check the manual that corresponds to your MySQL server version for the right syntax to use near 'zhu%'' at line 1"
sqlState: "42000"
index: 0
sql: "select * from pinglun where name like '%wen'zhu%'"
name: "ER_PARSE_ERRORError"
pid: 6792
hostname: DESKTOP-5JAHCRO

2020-09-26 20:14:26,511 ERROR 6792 [-/127.0.0.1/-/2ms GET /search?value=wen%27zhu%27a] nodejs.ER_PARSE_ERRORError: ER_PARSE_ERROR: You have an error in your SQL syntax; check the manual that corresponds to your MySQL server version for the right syntax to use near 'zhu'a%'' at line 1
    at Query.Sequence._packetToError (D:\学习资料\高级node\8月技能\项目1\demo\node_modules\mysql\lib\protocol\sequences\Sequence.js:47:14)
    at Query.ErrorPacket (D:\学习资料\高级node\8月技能\项目1\demo\node_modules\mysql\lib\protocol\sequences\Query.js:79:18)
    at Protocol._parsePacket (D:\学习资料\高级node\8月技能\项目1\demo\node_modules\mysql\lib\protocol\Protocol.js:291:23)
    at Parser._parsePacket (D:\学习资料\高级node\8月技能\项目1\demo\node_modules\mysql\lib\protocol\Parser.js:433:10)
    at Parser.write (D:\学习资料\高级node\8月技能\项目1\demo\node_modules\mysql\lib\protocol\Parser.js:43:10)
    at Protocol.write (D:\学习资料\高级node\8月技能\项目1\demo\node_modules\mysql\lib\protocol\Protocol.js:38:16)
    at Socket.<anonymous> (D:\学习资料\高级node\8月技能\项目1\demo\node_modules\mysql\lib\Connection.js:88:28)
    at Socket.<anonymous> (D:\学习资料\高级node\8月技能\项目1\demo\node_modules\mysql\lib\Connection.js:526:10)
    at Socket.emit (events.js:321:20)
    at addChunk (_stream_readable.js:294:12)
    --------------------
    at Pool.query (D:\学习资料\高级node\8月技能\项目1\demo\node_modules\mysql\lib\Pool.js:199:23)
    at D:\学习资料\高级node\8月技能\项目1\demo\node_modules\ali-rds\node_modules\pify\index.js:29:7
    at new Promise (<anonymous>)
    at Pool.<anonymous> (D:\学习资料\高级node\8月技能\项目1\demo\node_modules\ali-rds\node_modules\pify\index.js:12:10)
    at Pool.ret [as query] (D:\学习资料\高级node\8月技能\项目1\demo\node_modules\ali-rds\node_modules\pify\index.js:56:34)
    at RDSClient.proto._query (D:\学习资料\高级node\8月技能\项目1\demo\node_modules\ali-rds\lib\client.js:38:20)
    at RDSClient.proto.query (D:\学习资料\高级node\8月技能\项目1\demo\node_modules\ali-rds\lib\operator.js:54:29)
    at proto.query.next (<anonymous>)
    at onFulfilled (D:\学习资料\高级node\8月技能\项目1\demo\node_modules\co\index.js:65:19)
    at D:\学习资料\高级node\8月技能\项目1\demo\node_modules\co\index.js:54:5
    sql: select * from pinglun where name like '%wen'zhu'a%'
code: "ER_PARSE_ERROR"
errno: 1064
sqlMessage: "You have an error in your SQL syntax; check the manual that corresponds to your MySQL server version for the right syntax to use near 'zhu'a%'' at line 1"
sqlState: "42000"
index: 0
sql: "select * from pinglun where name like '%wen'zhu'a%'"
name: "ER_PARSE_ERRORError"
pid: 6792
hostname: DESKTOP-5JAHCRO

2020-09-26 20:14:26,593 ERROR 6792 [-/127.0.0.1/-/2ms GET /search?value=wen%27zhuan] nodejs.ER_PARSE_ERRORError: ER_PARSE_ERROR: You have an error in your SQL syntax; check the manual that corresponds to your MySQL server version for the right syntax to use near 'zhuan%'' at line 1
    at Query.Sequence._packetToError (D:\学习资料\高级node\8月技能\项目1\demo\node_modules\mysql\lib\protocol\sequences\Sequence.js:47:14)
    at Query.ErrorPacket (D:\学习资料\高级node\8月技能\项目1\demo\node_modules\mysql\lib\protocol\sequences\Query.js:79:18)
    at Protocol._parsePacket (D:\学习资料\高级node\8月技能\项目1\demo\node_modules\mysql\lib\protocol\Protocol.js:291:23)
    at Parser._parsePacket (D:\学习资料\高级node\8月技能\项目1\demo\node_modules\mysql\lib\protocol\Parser.js:433:10)
    at Parser.write (D:\学习资料\高级node\8月技能\项目1\demo\node_modules\mysql\lib\protocol\Parser.js:43:10)
    at Protocol.write (D:\学习资料\高级node\8月技能\项目1\demo\node_modules\mysql\lib\protocol\Protocol.js:38:16)
    at Socket.<anonymous> (D:\学习资料\高级node\8月技能\项目1\demo\node_modules\mysql\lib\Connection.js:88:28)
    at Socket.<anonymous> (D:\学习资料\高级node\8月技能\项目1\demo\node_modules\mysql\lib\Connection.js:526:10)
    at Socket.emit (events.js:321:20)
    at addChunk (_stream_readable.js:294:12)
    --------------------
    at Pool.query (D:\学习资料\高级node\8月技能\项目1\demo\node_modules\mysql\lib\Pool.js:199:23)
    at D:\学习资料\高级node\8月技能\项目1\demo\node_modules\ali-rds\node_modules\pify\index.js:29:7
    at new Promise (<anonymous>)
    at Pool.<anonymous> (D:\学习资料\高级node\8月技能\项目1\demo\node_modules\ali-rds\node_modules\pify\index.js:12:10)
    at Pool.ret [as query] (D:\学习资料\高级node\8月技能\项目1\demo\node_modules\ali-rds\node_modules\pify\index.js:56:34)
    at RDSClient.proto._query (D:\学习资料\高级node\8月技能\项目1\demo\node_modules\ali-rds\lib\client.js:38:20)
    at RDSClient.proto.query (D:\学习资料\高级node\8月技能\项目1\demo\node_modules\ali-rds\lib\operator.js:54:29)
    at proto.query.next (<anonymous>)
    at onFulfilled (D:\学习资料\高级node\8月技能\项目1\demo\node_modules\co\index.js:65:19)
    at D:\学习资料\高级node\8月技能\项目1\demo\node_modules\co\index.js:54:5
    sql: select * from pinglun where name like '%wen'zhuan%'
code: "ER_PARSE_ERROR"
errno: 1064
sqlMessage: "You have an error in your SQL syntax; check the manual that corresponds to your MySQL server version for the right syntax to use near 'zhuan%'' at line 1"
sqlState: "42000"
index: 0
sql: "select * from pinglun where name like '%wen'zhuan%'"
name: "ER_PARSE_ERRORError"
pid: 6792
hostname: DESKTOP-5JAHCRO

2020-09-26 20:14:26,668 ERROR 6792 [-/127.0.0.1/-/3ms GET /search?value=wen%27zhuang] nodejs.ER_PARSE_ERRORError: ER_PARSE_ERROR: You have an error in your SQL syntax; check the manual that corresponds to your MySQL server version for the right syntax to use near 'zhuang%'' at line 1
    at Query.Sequence._packetToError (D:\学习资料\高级node\8月技能\项目1\demo\node_modules\mysql\lib\protocol\sequences\Sequence.js:47:14)
    at Query.ErrorPacket (D:\学习资料\高级node\8月技能\项目1\demo\node_modules\mysql\lib\protocol\sequences\Query.js:79:18)
    at Protocol._parsePacket (D:\学习资料\高级node\8月技能\项目1\demo\node_modules\mysql\lib\protocol\Protocol.js:291:23)
    at Parser._parsePacket (D:\学习资料\高级node\8月技能\项目1\demo\node_modules\mysql\lib\protocol\Parser.js:433:10)
    at Parser.write (D:\学习资料\高级node\8月技能\项目1\demo\node_modules\mysql\lib\protocol\Parser.js:43:10)
    at Protocol.write (D:\学习资料\高级node\8月技能\项目1\demo\node_modules\mysql\lib\protocol\Protocol.js:38:16)
    at Socket.<anonymous> (D:\学习资料\高级node\8月技能\项目1\demo\node_modules\mysql\lib\Connection.js:88:28)
    at Socket.<anonymous> (D:\学习资料\高级node\8月技能\项目1\demo\node_modules\mysql\lib\Connection.js:526:10)
    at Socket.emit (events.js:321:20)
    at addChunk (_stream_readable.js:294:12)
    --------------------
    at Pool.query (D:\学习资料\高级node\8月技能\项目1\demo\node_modules\mysql\lib\Pool.js:199:23)
    at D:\学习资料\高级node\8月技能\项目1\demo\node_modules\ali-rds\node_modules\pify\index.js:29:7
    at new Promise (<anonymous>)
    at Pool.<anonymous> (D:\学习资料\高级node\8月技能\项目1\demo\node_modules\ali-rds\node_modules\pify\index.js:12:10)
    at Pool.ret [as query] (D:\学习资料\高级node\8月技能\项目1\demo\node_modules\ali-rds\node_modules\pify\index.js:56:34)
    at RDSClient.proto._query (D:\学习资料\高级node\8月技能\项目1\demo\node_modules\ali-rds\lib\client.js:38:20)
    at RDSClient.proto.query (D:\学习资料\高级node\8月技能\项目1\demo\node_modules\ali-rds\lib\operator.js:54:29)
    at proto.query.next (<anonymous>)
    at onFulfilled (D:\学习资料\高级node\8月技能\项目1\demo\node_modules\co\index.js:65:19)
    at D:\学习资料\高级node\8月技能\项目1\demo\node_modules\co\index.js:54:5
    sql: select * from pinglun where name like '%wen'zhuang%'
code: "ER_PARSE_ERROR"
errno: 1064
sqlMessage: "You have an error in your SQL syntax; check the manual that corresponds to your MySQL server version for the right syntax to use near 'zhuang%'' at line 1"
sqlState: "42000"
index: 0
sql: "select * from pinglun where name like '%wen'zhuang%'"
name: "ER_PARSE_ERRORError"
pid: 6792
hostname: DESKTOP-5JAHCRO

2020-09-26 20:14:28,392 ERROR 6792 [-/127.0.0.1/-/3ms GET /search?value=wen%27zhuan] nodejs.ER_PARSE_ERRORError: ER_PARSE_ERROR: You have an error in your SQL syntax; check the manual that corresponds to your MySQL server version for the right syntax to use near 'zhuan%'' at line 1
    at Query.Sequence._packetToError (D:\学习资料\高级node\8月技能\项目1\demo\node_modules\mysql\lib\protocol\sequences\Sequence.js:47:14)
    at Query.ErrorPacket (D:\学习资料\高级node\8月技能\项目1\demo\node_modules\mysql\lib\protocol\sequences\Query.js:79:18)
    at Protocol._parsePacket (D:\学习资料\高级node\8月技能\项目1\demo\node_modules\mysql\lib\protocol\Protocol.js:291:23)
    at Parser._parsePacket (D:\学习资料\高级node\8月技能\项目1\demo\node_modules\mysql\lib\protocol\Parser.js:433:10)
    at Parser.write (D:\学习资料\高级node\8月技能\项目1\demo\node_modules\mysql\lib\protocol\Parser.js:43:10)
    at Protocol.write (D:\学习资料\高级node\8月技能\项目1\demo\node_modules\mysql\lib\protocol\Protocol.js:38:16)
    at Socket.<anonymous> (D:\学习资料\高级node\8月技能\项目1\demo\node_modules\mysql\lib\Connection.js:88:28)
    at Socket.<anonymous> (D:\学习资料\高级node\8月技能\项目1\demo\node_modules\mysql\lib\Connection.js:526:10)
    at Socket.emit (events.js:321:20)
    at addChunk (_stream_readable.js:294:12)
    --------------------
    at Pool.query (D:\学习资料\高级node\8月技能\项目1\demo\node_modules\mysql\lib\Pool.js:199:23)
    at D:\学习资料\高级node\8月技能\项目1\demo\node_modules\ali-rds\node_modules\pify\index.js:29:7
    at new Promise (<anonymous>)
    at Pool.<anonymous> (D:\学习资料\高级node\8月技能\项目1\demo\node_modules\ali-rds\node_modules\pify\index.js:12:10)
    at Pool.ret [as query] (D:\学习资料\高级node\8月技能\项目1\demo\node_modules\ali-rds\node_modules\pify\index.js:56:34)
    at RDSClient.proto._query (D:\学习资料\高级node\8月技能\项目1\demo\node_modules\ali-rds\lib\client.js:38:20)
    at RDSClient.proto.query (D:\学习资料\高级node\8月技能\项目1\demo\node_modules\ali-rds\lib\operator.js:54:29)
    at proto.query.next (<anonymous>)
    at onFulfilled (D:\学习资料\高级node\8月技能\项目1\demo\node_modules\co\index.js:65:19)
    at D:\学习资料\高级node\8月技能\项目1\demo\node_modules\co\index.js:54:5
    sql: select * from pinglun where name like '%wen'zhuan%'
code: "ER_PARSE_ERROR"
errno: 1064
sqlMessage: "You have an error in your SQL syntax; check the manual that corresponds to your MySQL server version for the right syntax to use near 'zhuan%'' at line 1"
sqlState: "42000"
index: 0
sql: "select * from pinglun where name like '%wen'zhuan%'"
name: "ER_PARSE_ERRORError"
pid: 6792
hostname: DESKTOP-5JAHCRO

2020-09-26 20:14:28,432 ERROR 6792 [-/127.0.0.1/-/2ms GET /search?value=wen%27zhu%27a] nodejs.ER_PARSE_ERRORError: ER_PARSE_ERROR: You have an error in your SQL syntax; check the manual that corresponds to your MySQL server version for the right syntax to use near 'zhu'a%'' at line 1
    at Query.Sequence._packetToError (D:\学习资料\高级node\8月技能\项目1\demo\node_modules\mysql\lib\protocol\sequences\Sequence.js:47:14)
    at Query.ErrorPacket (D:\学习资料\高级node\8月技能\项目1\demo\node_modules\mysql\lib\protocol\sequences\Query.js:79:18)
    at Protocol._parsePacket (D:\学习资料\高级node\8月技能\项目1\demo\node_modules\mysql\lib\protocol\Protocol.js:291:23)
    at Parser._parsePacket (D:\学习资料\高级node\8月技能\项目1\demo\node_modules\mysql\lib\protocol\Parser.js:433:10)
    at Parser.write (D:\学习资料\高级node\8月技能\项目1\demo\node_modules\mysql\lib\protocol\Parser.js:43:10)
    at Protocol.write (D:\学习资料\高级node\8月技能\项目1\demo\node_modules\mysql\lib\protocol\Protocol.js:38:16)
    at Socket.<anonymous> (D:\学习资料\高级node\8月技能\项目1\demo\node_modules\mysql\lib\Connection.js:88:28)
    at Socket.<anonymous> (D:\学习资料\高级node\8月技能\项目1\demo\node_modules\mysql\lib\Connection.js:526:10)
    at Socket.emit (events.js:321:20)
    at addChunk (_stream_readable.js:294:12)
    --------------------
    at Pool.query (D:\学习资料\高级node\8月技能\项目1\demo\node_modules\mysql\lib\Pool.js:199:23)
    at D:\学习资料\高级node\8月技能\项目1\demo\node_modules\ali-rds\node_modules\pify\index.js:29:7
    at new Promise (<anonymous>)
    at Pool.<anonymous> (D:\学习资料\高级node\8月技能\项目1\demo\node_modules\ali-rds\node_modules\pify\index.js:12:10)
    at Pool.ret [as query] (D:\学习资料\高级node\8月技能\项目1\demo\node_modules\ali-rds\node_modules\pify\index.js:56:34)
    at RDSClient.proto._query (D:\学习资料\高级node\8月技能\项目1\demo\node_modules\ali-rds\lib\client.js:38:20)
    at RDSClient.proto.query (D:\学习资料\高级node\8月技能\项目1\demo\node_modules\ali-rds\lib\operator.js:54:29)
    at proto.query.next (<anonymous>)
    at onFulfilled (D:\学习资料\高级node\8月技能\项目1\demo\node_modules\co\index.js:65:19)
    at D:\学习资料\高级node\8月技能\项目1\demo\node_modules\co\index.js:54:5
    sql: select * from pinglun where name like '%wen'zhu'a%'
code: "ER_PARSE_ERROR"
errno: 1064
sqlMessage: "You have an error in your SQL syntax; check the manual that corresponds to your MySQL server version for the right syntax to use near 'zhu'a%'' at line 1"
sqlState: "42000"
index: 0
sql: "select * from pinglun where name like '%wen'zhu'a%'"
name: "ER_PARSE_ERRORError"
pid: 6792
hostname: DESKTOP-5JAHCRO

2020-09-26 20:14:28,545 ERROR 6792 [-/127.0.0.1/-/3ms GET /search?value=wen%27zhu] nodejs.ER_PARSE_ERRORError: ER_PARSE_ERROR: You have an error in your SQL syntax; check the manual that corresponds to your MySQL server version for the right syntax to use near 'zhu%'' at line 1
    at Query.Sequence._packetToError (D:\学习资料\高级node\8月技能\项目1\demo\node_modules\mysql\lib\protocol\sequences\Sequence.js:47:14)
    at Query.ErrorPacket (D:\学习资料\高级node\8月技能\项目1\demo\node_modules\mysql\lib\protocol\sequences\Query.js:79:18)
    at Protocol._parsePacket (D:\学习资料\高级node\8月技能\项目1\demo\node_modules\mysql\lib\protocol\Protocol.js:291:23)
    at Parser._parsePacket (D:\学习资料\高级node\8月技能\项目1\demo\node_modules\mysql\lib\protocol\Parser.js:433:10)
    at Parser.write (D:\学习资料\高级node\8月技能\项目1\demo\node_modules\mysql\lib\protocol\Parser.js:43:10)
    at Protocol.write (D:\学习资料\高级node\8月技能\项目1\demo\node_modules\mysql\lib\protocol\Protocol.js:38:16)
    at Socket.<anonymous> (D:\学习资料\高级node\8月技能\项目1\demo\node_modules\mysql\lib\Connection.js:88:28)
    at Socket.<anonymous> (D:\学习资料\高级node\8月技能\项目1\demo\node_modules\mysql\lib\Connection.js:526:10)
    at Socket.emit (events.js:321:20)
    at addChunk (_stream_readable.js:294:12)
    --------------------
    at Pool.query (D:\学习资料\高级node\8月技能\项目1\demo\node_modules\mysql\lib\Pool.js:199:23)
    at D:\学习资料\高级node\8月技能\项目1\demo\node_modules\ali-rds\node_modules\pify\index.js:29:7
    at new Promise (<anonymous>)
    at Pool.<anonymous> (D:\学习资料\高级node\8月技能\项目1\demo\node_modules\ali-rds\node_modules\pify\index.js:12:10)
    at Pool.ret [as query] (D:\学习资料\高级node\8月技能\项目1\demo\node_modules\ali-rds\node_modules\pify\index.js:56:34)
    at RDSClient.proto._query (D:\学习资料\高级node\8月技能\项目1\demo\node_modules\ali-rds\lib\client.js:38:20)
    at RDSClient.proto.query (D:\学习资料\高级node\8月技能\项目1\demo\node_modules\ali-rds\lib\operator.js:54:29)
    at proto.query.next (<anonymous>)
    at onFulfilled (D:\学习资料\高级node\8月技能\项目1\demo\node_modules\co\index.js:65:19)
    at D:\学习资料\高级node\8月技能\项目1\demo\node_modules\co\index.js:54:5
    sql: select * from pinglun where name like '%wen'zhu%'
code: "ER_PARSE_ERROR"
errno: 1064
sqlMessage: "You have an error in your SQL syntax; check the manual that corresponds to your MySQL server version for the right syntax to use near 'zhu%'' at line 1"
sqlState: "42000"
index: 0
sql: "select * from pinglun where name like '%wen'zhu%'"
name: "ER_PARSE_ERRORError"
pid: 6792
hostname: DESKTOP-5JAHCRO

2020-09-26 20:14:29,295 ERROR 6792 [-/127.0.0.1/-/2ms GET /search?value=wen%27zh] nodejs.ER_PARSE_ERRORError: ER_PARSE_ERROR: You have an error in your SQL syntax; check the manual that corresponds to your MySQL server version for the right syntax to use near 'zh%'' at line 1
    at Query.Sequence._packetToError (D:\学习资料\高级node\8月技能\项目1\demo\node_modules\mysql\lib\protocol\sequences\Sequence.js:47:14)
    at Query.ErrorPacket (D:\学习资料\高级node\8月技能\项目1\demo\node_modules\mysql\lib\protocol\sequences\Query.js:79:18)
    at Protocol._parsePacket (D:\学习资料\高级node\8月技能\项目1\demo\node_modules\mysql\lib\protocol\Protocol.js:291:23)
    at Parser._parsePacket (D:\学习资料\高级node\8月技能\项目1\demo\node_modules\mysql\lib\protocol\Parser.js:433:10)
    at Parser.write (D:\学习资料\高级node\8月技能\项目1\demo\node_modules\mysql\lib\protocol\Parser.js:43:10)
    at Protocol.write (D:\学习资料\高级node\8月技能\项目1\demo\node_modules\mysql\lib\protocol\Protocol.js:38:16)
    at Socket.<anonymous> (D:\学习资料\高级node\8月技能\项目1\demo\node_modules\mysql\lib\Connection.js:88:28)
    at Socket.<anonymous> (D:\学习资料\高级node\8月技能\项目1\demo\node_modules\mysql\lib\Connection.js:526:10)
    at Socket.emit (events.js:321:20)
    at addChunk (_stream_readable.js:294:12)
    --------------------
    at Pool.query (D:\学习资料\高级node\8月技能\项目1\demo\node_modules\mysql\lib\Pool.js:199:23)
    at D:\学习资料\高级node\8月技能\项目1\demo\node_modules\ali-rds\node_modules\pify\index.js:29:7
    at new Promise (<anonymous>)
    at Pool.<anonymous> (D:\学习资料\高级node\8月技能\项目1\demo\node_modules\ali-rds\node_modules\pify\index.js:12:10)
    at Pool.ret [as query] (D:\学习资料\高级node\8月技能\项目1\demo\node_modules\ali-rds\node_modules\pify\index.js:56:34)
    at RDSClient.proto._query (D:\学习资料\高级node\8月技能\项目1\demo\node_modules\ali-rds\lib\client.js:38:20)
    at RDSClient.proto.query (D:\学习资料\高级node\8月技能\项目1\demo\node_modules\ali-rds\lib\operator.js:54:29)
    at proto.query.next (<anonymous>)
    at onFulfilled (D:\学习资料\高级node\8月技能\项目1\demo\node_modules\co\index.js:65:19)
    at D:\学习资料\高级node\8月技能\项目1\demo\node_modules\co\index.js:54:5
    sql: select * from pinglun where name like '%wen'zh%'
code: "ER_PARSE_ERROR"
errno: 1064
sqlMessage: "You have an error in your SQL syntax; check the manual that corresponds to your MySQL server version for the right syntax to use near 'zh%'' at line 1"
sqlState: "42000"
index: 0
sql: "select * from pinglun where name like '%wen'zh%'"
name: "ER_PARSE_ERRORError"
pid: 6792
hostname: DESKTOP-5JAHCRO

2020-09-26 20:14:29,344 ERROR 6792 [-/127.0.0.1/-/1ms GET /search?value=wen%27z] nodejs.ER_PARSE_ERRORError: ER_PARSE_ERROR: You have an error in your SQL syntax; check the manual that corresponds to your MySQL server version for the right syntax to use near 'z%'' at line 1
    at Query.Sequence._packetToError (D:\学习资料\高级node\8月技能\项目1\demo\node_modules\mysql\lib\protocol\sequences\Sequence.js:47:14)
    at Query.ErrorPacket (D:\学习资料\高级node\8月技能\项目1\demo\node_modules\mysql\lib\protocol\sequences\Query.js:79:18)
    at Protocol._parsePacket (D:\学习资料\高级node\8月技能\项目1\demo\node_modules\mysql\lib\protocol\Protocol.js:291:23)
    at Parser._parsePacket (D:\学习资料\高级node\8月技能\项目1\demo\node_modules\mysql\lib\protocol\Parser.js:433:10)
    at Parser.write (D:\学习资料\高级node\8月技能\项目1\demo\node_modules\mysql\lib\protocol\Parser.js:43:10)
    at Protocol.write (D:\学习资料\高级node\8月技能\项目1\demo\node_modules\mysql\lib\protocol\Protocol.js:38:16)
    at Socket.<anonymous> (D:\学习资料\高级node\8月技能\项目1\demo\node_modules\mysql\lib\Connection.js:88:28)
    at Socket.<anonymous> (D:\学习资料\高级node\8月技能\项目1\demo\node_modules\mysql\lib\Connection.js:526:10)
    at Socket.emit (events.js:321:20)
    at addChunk (_stream_readable.js:294:12)
    --------------------
    at Pool.query (D:\学习资料\高级node\8月技能\项目1\demo\node_modules\mysql\lib\Pool.js:199:23)
    at D:\学习资料\高级node\8月技能\项目1\demo\node_modules\ali-rds\node_modules\pify\index.js:29:7
    at new Promise (<anonymous>)
    at Pool.<anonymous> (D:\学习资料\高级node\8月技能\项目1\demo\node_modules\ali-rds\node_modules\pify\index.js:12:10)
    at Pool.ret [as query] (D:\学习资料\高级node\8月技能\项目1\demo\node_modules\ali-rds\node_modules\pify\index.js:56:34)
    at RDSClient.proto._query (D:\学习资料\高级node\8月技能\项目1\demo\node_modules\ali-rds\lib\client.js:38:20)
    at RDSClient.proto.query (D:\学习资料\高级node\8月技能\项目1\demo\node_modules\ali-rds\lib\operator.js:54:29)
    at proto.query.next (<anonymous>)
    at onFulfilled (D:\学习资料\高级node\8月技能\项目1\demo\node_modules\co\index.js:65:19)
    at D:\学习资料\高级node\8月技能\项目1\demo\node_modules\co\index.js:54:5
    sql: select * from pinglun where name like '%wen'z%'
code: "ER_PARSE_ERROR"
errno: 1064
sqlMessage: "You have an error in your SQL syntax; check the manual that corresponds to your MySQL server version for the right syntax to use near 'z%'' at line 1"
sqlState: "42000"
index: 0
sql: "select * from pinglun where name like '%wen'z%'"
name: "ER_PARSE_ERRORError"
pid: 6792
hostname: DESKTOP-5JAHCRO

