2020-09-02 13:00:21,624 INFO 173808 [egg-logrotator] app logger reload: got log-reload message
2020-09-24 10:08:52,928 INFO 4896 [egg:logger] init all loggers with options: {"dir":"D:\\学习资料\\高级node\\8月技能\\项目1\\demo\\logs\\demo","encoding":"utf8","env":"local","level":"INFO","consoleLevel":"INFO","disableConsoleAfterReady":false,"outputJSON":false,"buffer":true,"appLogName":"demo-web.log","coreLogName":"egg-web.log","agentLogName":"egg-agent.log","errorLogName":"common-error.log","coreLogger":{"consoleLevel":"WARN"},"allowDebugAtProd":false,"type":"application"}
2020-09-24 10:08:52,967 INFO 4896 [egg-multipart] stream mode enable
2020-09-24 10:08:52,968 INFO 4896 [egg-mysql] connecting root@localhost:3306/demo1
2020-09-24 10:08:54,358 INFO 4896 [egg-static] starting static serve /public/ -> D:\学习资料\高级node\8月技能\项目1\demo\app\public
2020-09-24 10:08:54,376 INFO 4896 [egg-security] use methodnoallow middleware
2020-09-24 10:08:54,377 INFO 4896 [egg-security] use noopen middleware
2020-09-24 10:08:54,379 INFO 4896 [egg-security] use nosniff middleware
2020-09-24 10:08:54,381 INFO 4896 [egg-security] use xssProtection middleware
2020-09-24 10:08:54,382 INFO 4896 [egg-security] use xframe middleware
2020-09-24 10:08:54,383 INFO 4896 [egg-security] use dta middleware
2020-09-24 10:08:54,383 INFO 4896 [egg-security] compose 6 middlewares into one security middleware
2020-09-24 10:08:54,447 INFO 4896 [egg:core] dump config after load, 34ms
2020-09-24 10:08:54,475 INFO 4896 [egg-watcher:application] watcher start success
2020-09-24 10:08:54,496 INFO 4896 [egg-mysql] instance[0] status OK, rds currentTime: Thu Sep 24 2020 10:08:54 GMT+0800 (GMT+08:00)
2020-09-24 10:08:54,508 INFO 4896 [egg:core] dump config after ready, 9ms
2020-09-26 20:01:54,117 INFO 6792 [egg:logger] init all loggers with options: {"dir":"D:\\学习资料\\高级node\\8月技能\\项目1\\demo\\logs\\demo","encoding":"utf8","env":"local","level":"INFO","consoleLevel":"INFO","disableConsoleAfterReady":false,"outputJSON":false,"buffer":true,"appLogName":"demo-web.log","coreLogName":"egg-web.log","agentLogName":"egg-agent.log","errorLogName":"common-error.log","coreLogger":{"consoleLevel":"WARN"},"allowDebugAtProd":false,"type":"application"}
2020-09-26 20:01:54,174 INFO 6792 [egg-multipart] stream mode enable
2020-09-26 20:01:54,175 INFO 6792 [egg-mysql] connecting root@localhost:3306/demo1
2020-09-26 20:01:54,966 INFO 6792 [egg-static] starting static serve /public/ -> D:\学习资料\高级node\8月技能\项目1\demo\app\public
2020-09-26 20:01:54,971 INFO 6792 [egg-security] use methodnoallow middleware
2020-09-26 20:01:54,972 INFO 6792 [egg-security] use noopen middleware
2020-09-26 20:01:54,974 INFO 6792 [egg-security] use nosniff middleware
2020-09-26 20:01:54,975 INFO 6792 [egg-security] use xssProtection middleware
2020-09-26 20:01:54,977 INFO 6792 [egg-security] use xframe middleware
2020-09-26 20:01:54,978 INFO 6792 [egg-security] use dta middleware
2020-09-26 20:01:54,978 INFO 6792 [egg-security] compose 6 middlewares into one security middleware
2020-09-26 20:01:55,026 INFO 6792 [egg:core] dump config after load, 25ms
2020-09-26 20:01:55,050 INFO 6792 [egg-watcher:application] watcher start success
2020-09-26 20:01:55,071 INFO 6792 [egg-mysql] instance[0] status OK, rds currentTime: Sat Sep 26 2020 20:01:55 GMT+0800 (GMT+08:00)
2020-09-26 20:01:55,095 INFO 6792 [egg:core] dump config after ready, 22ms
